CRITICAL - 2023-09-30 07:55:41 --> Invalid file: "loginFolder/index.php"
in SYSTEMPATH\Exceptions\FrameworkException.php on line 39.
 1 SYSTEMPATH\View\View.php(214): CodeIgniter\Exceptions\FrameworkException::forInvalidFile('loginFolder/index.php')
 2 SYSTEMPATH\Common.php(1188): CodeIgniter\View\View->render('loginFolder/index', [], true)
 3 APPPATH\Controllers\LoginController.php(11): view('loginFolder/index')
 4 SYSTEMPATH\CodeIgniter.php(919): App\Controllers\LoginController->index()
 5 SYSTEMPATH\CodeIgniter.php(494): CodeIgniter\CodeIgniter->runController(Object(App\Controllers\LoginController))
 6 SYSTEMPATH\CodeIgniter.php(353): CodeIgniter\CodeIgniter->handleRequest(null, Object(Config\Cache), false)
 7 FCPATH\index.php(79): CodeIgniter\CodeIgniter->run()
 8 SYSTEMPATH\Commands\Server\rewrite.php(47): require_once('C:\\laragon\\www\\lab3\\public\\index.php')
CRITICAL - 2023-09-30 07:56:27 --> Invalid file: "../admin/inc/top.php"
in SYSTEMPATH\Exceptions\FrameworkException.php on line 39.
 1 SYSTEMPATH\View\View.php(214): CodeIgniter\Exceptions\FrameworkException::forInvalidFile('../admin/inc/top.php')
 2 SYSTEMPATH\View\View.php(467): CodeIgniter\View\View->render('../admin/inc/top', null, true)
 3 APPPATH\Views\login\index.php(1): CodeIgniter\View\View->include('../admin/inc/top')
 4 SYSTEMPATH\View\View.php(226): include('C:\\laragon\\www\\lab3\\app\\Views\\login\\index.php')
 5 SYSTEMPATH\View\View.php(229): CodeIgniter\View\View->CodeIgniter\View\{closure}()
 6 SYSTEMPATH\Common.php(1188): CodeIgniter\View\View->render('login/index', [], true)
 7 APPPATH\Controllers\LoginController.php(11): view('login/index')
 8 SYSTEMPATH\CodeIgniter.php(919): App\Controllers\LoginController->index()
 9 SYSTEMPATH\CodeIgniter.php(494): CodeIgniter\CodeIgniter->runController(Object(App\Controllers\LoginController))
10 SYSTEMPATH\CodeIgniter.php(353): CodeIgniter\CodeIgniter->handleRequest(null, Object(Config\Cache), false)
11 FCPATH\index.php(79): CodeIgniter\CodeIgniter->run()
12 SYSTEMPATH\Commands\Server\rewrite.php(47): require_once('C:\\laragon\\www\\lab3\\public\\index.php')
CRITICAL - 2023-09-30 07:57:25 --> Undefined variable $products
in APPPATH\Views\inc\ourproducts.php on line 15.
 1 APPPATH\Views\inc\ourproducts.php(15): CodeIgniter\Debug\Exceptions->errorHandler(2, 'Undefined variable $products', 'C:\\laragon\\www\\lab3\\app\\Views\\inc\\ourproducts.php', 15)
 2 SYSTEMPATH\View\View.php(226): include('C:\\laragon\\www\\lab3\\app\\Views\\inc\\ourproducts.php')
 3 SYSTEMPATH\View\View.php(229): CodeIgniter\View\View->CodeIgniter\View\{closure}()
 4 SYSTEMPATH\View\View.php(467): CodeIgniter\View\View->render('/inc/ourproducts', null, true)
 5 APPPATH\Views\index.php(5): CodeIgniter\View\View->include('/inc/ourproducts')
 6 SYSTEMPATH\View\View.php(226): include('C:\\laragon\\www\\lab3\\app\\Views\\index.php')
 7 SYSTEMPATH\View\View.php(229): CodeIgniter\View\View->CodeIgniter\View\{closure}()
 8 SYSTEMPATH\View\View.php(467): CodeIgniter\View\View->render('index', null, true)
 9 APPPATH\Views\login\index.php(3): CodeIgniter\View\View->include('index')
10 SYSTEMPATH\View\View.php(226): include('C:\\laragon\\www\\lab3\\app\\Views\\login\\index.php')
11 SYSTEMPATH\View\View.php(229): CodeIgniter\View\View->CodeIgniter\View\{closure}()
12 SYSTEMPATH\Common.php(1188): CodeIgniter\View\View->render('login/index', [], true)
13 APPPATH\Controllers\LoginController.php(11): view('login/index')
14 SYSTEMPATH\CodeIgniter.php(919): App\Controllers\LoginController->index()
15 SYSTEMPATH\CodeIgniter.php(494): CodeIgniter\CodeIgniter->runController(Object(App\Controllers\LoginController))
16 SYSTEMPATH\CodeIgniter.php(353): CodeIgniter\CodeIgniter->handleRequest(null, Object(Config\Cache), false)
17 FCPATH\index.php(79): CodeIgniter\CodeIgniter->run()
18 SYSTEMPATH\Commands\Server\rewrite.php(47): require_once('C:\\laragon\\www\\lab3\\public\\index.php')
CRITICAL - 2023-09-30 07:57:58 --> Undefined variable $products
in APPPATH\Views\inc\ourproducts.php on line 15.
 1 APPPATH\Views\inc\ourproducts.php(15): CodeIgniter\Debug\Exceptions->errorHandler(2, 'Undefined variable $products', 'C:\\laragon\\www\\lab3\\app\\Views\\inc\\ourproducts.php', 15)
 2 SYSTEMPATH\View\View.php(226): include('C:\\laragon\\www\\lab3\\app\\Views\\inc\\ourproducts.php')
 3 SYSTEMPATH\View\View.php(229): CodeIgniter\View\View->CodeIgniter\View\{closure}()
 4 SYSTEMPATH\View\View.php(467): CodeIgniter\View\View->render('/inc/ourproducts', null, true)
 5 APPPATH\Views\index.php(5): CodeIgniter\View\View->include('/inc/ourproducts')
 6 SYSTEMPATH\View\View.php(226): include('C:\\laragon\\www\\lab3\\app\\Views\\index.php')
 7 SYSTEMPATH\View\View.php(229): CodeIgniter\View\View->CodeIgniter\View\{closure}()
 8 SYSTEMPATH\View\View.php(467): CodeIgniter\View\View->render('index', null, true)
 9 APPPATH\Views\login\index.php(3): CodeIgniter\View\View->include('index')
10 SYSTEMPATH\View\View.php(226): include('C:\\laragon\\www\\lab3\\app\\Views\\login\\index.php')
11 SYSTEMPATH\View\View.php(229): CodeIgniter\View\View->CodeIgniter\View\{closure}()
12 SYSTEMPATH\Common.php(1188): CodeIgniter\View\View->render('login/index', [], true)
13 APPPATH\Controllers\LoginController.php(11): view('login/index')
14 SYSTEMPATH\CodeIgniter.php(919): App\Controllers\LoginController->index()
15 SYSTEMPATH\CodeIgniter.php(494): CodeIgniter\CodeIgniter->runController(Object(App\Controllers\LoginController))
16 SYSTEMPATH\CodeIgniter.php(353): CodeIgniter\CodeIgniter->handleRequest(null, Object(Config\Cache), false)
17 FCPATH\index.php(79): CodeIgniter\CodeIgniter->run()
18 SYSTEMPATH\Commands\Server\rewrite.php(47): require_once('C:\\laragon\\www\\lab3\\public\\index.php')
CRITICAL - 2023-09-30 07:57:59 --> Undefined variable $products
in APPPATH\Views\inc\ourproducts.php on line 15.
 1 APPPATH\Views\inc\ourproducts.php(15): CodeIgniter\Debug\Exceptions->errorHandler(2, 'Undefined variable $products', 'C:\\laragon\\www\\lab3\\app\\Views\\inc\\ourproducts.php', 15)
 2 SYSTEMPATH\View\View.php(226): include('C:\\laragon\\www\\lab3\\app\\Views\\inc\\ourproducts.php')
 3 SYSTEMPATH\View\View.php(229): CodeIgniter\View\View->CodeIgniter\View\{closure}()
 4 SYSTEMPATH\View\View.php(467): CodeIgniter\View\View->render('/inc/ourproducts', null, true)
 5 APPPATH\Views\index.php(5): CodeIgniter\View\View->include('/inc/ourproducts')
 6 SYSTEMPATH\View\View.php(226): include('C:\\laragon\\www\\lab3\\app\\Views\\index.php')
 7 SYSTEMPATH\View\View.php(229): CodeIgniter\View\View->CodeIgniter\View\{closure}()
 8 SYSTEMPATH\View\View.php(467): CodeIgniter\View\View->render('index', null, true)
 9 APPPATH\Views\login\index.php(3): CodeIgniter\View\View->include('index')
10 SYSTEMPATH\View\View.php(226): include('C:\\laragon\\www\\lab3\\app\\Views\\login\\index.php')
11 SYSTEMPATH\View\View.php(229): CodeIgniter\View\View->CodeIgniter\View\{closure}()
12 SYSTEMPATH\Common.php(1188): CodeIgniter\View\View->render('login/index', [], true)
13 APPPATH\Controllers\LoginController.php(11): view('login/index')
14 SYSTEMPATH\CodeIgniter.php(919): App\Controllers\LoginController->index()
15 SYSTEMPATH\CodeIgniter.php(494): CodeIgniter\CodeIgniter->runController(Object(App\Controllers\LoginController))
16 SYSTEMPATH\CodeIgniter.php(353): CodeIgniter\CodeIgniter->handleRequest(null, Object(Config\Cache), false)
17 FCPATH\index.php(79): CodeIgniter\CodeIgniter->run()
18 SYSTEMPATH\Commands\Server\rewrite.php(47): require_once('C:\\laragon\\www\\lab3\\public\\index.php')
CRITICAL - 2023-09-30 07:58:50 --> Undefined variable $products
in APPPATH\Views\inc\ourproducts.php on line 15.
 1 APPPATH\Views\inc\ourproducts.php(15): CodeIgniter\Debug\Exceptions->errorHandler(2, 'Undefined variable $products', 'C:\\laragon\\www\\lab3\\app\\Views\\inc\\ourproducts.php', 15)
 2 SYSTEMPATH\View\View.php(226): include('C:\\laragon\\www\\lab3\\app\\Views\\inc\\ourproducts.php')
 3 SYSTEMPATH\View\View.php(229): CodeIgniter\View\View->CodeIgniter\View\{closure}()
 4 SYSTEMPATH\View\View.php(467): CodeIgniter\View\View->render('/inc/ourproducts', null, true)
 5 APPPATH\Views\index.php(5): CodeIgniter\View\View->include('/inc/ourproducts')
 6 SYSTEMPATH\View\View.php(226): include('C:\\laragon\\www\\lab3\\app\\Views\\index.php')
 7 SYSTEMPATH\View\View.php(229): CodeIgniter\View\View->CodeIgniter\View\{closure}()
 8 SYSTEMPATH\View\View.php(467): CodeIgniter\View\View->render('index', null, true)
 9 APPPATH\Views\login\index.php(3): CodeIgniter\View\View->include('index')
10 SYSTEMPATH\View\View.php(226): include('C:\\laragon\\www\\lab3\\app\\Views\\login\\index.php')
11 SYSTEMPATH\View\View.php(229): CodeIgniter\View\View->CodeIgniter\View\{closure}()
12 SYSTEMPATH\Common.php(1188): CodeIgniter\View\View->render('login/index', [], true)
13 APPPATH\Controllers\LoginController.php(11): view('login/index')
14 SYSTEMPATH\CodeIgniter.php(919): App\Controllers\LoginController->index()
15 SYSTEMPATH\CodeIgniter.php(494): CodeIgniter\CodeIgniter->runController(Object(App\Controllers\LoginController))
16 SYSTEMPATH\CodeIgniter.php(353): CodeIgniter\CodeIgniter->handleRequest(null, Object(Config\Cache), false)
17 FCPATH\index.php(79): CodeIgniter\CodeIgniter->run()
18 SYSTEMPATH\Commands\Server\rewrite.php(47): require_once('C:\\laragon\\www\\lab3\\public\\index.php')
CRITICAL - 2023-09-30 07:59:22 --> Undefined variable $products
in APPPATH\Views\inc\ourproducts.php on line 15.
 1 APPPATH\Views\inc\ourproducts.php(15): CodeIgniter\Debug\Exceptions->errorHandler(2, 'Undefined variable $products', 'C:\\laragon\\www\\lab3\\app\\Views\\inc\\ourproducts.php', 15)
 2 SYSTEMPATH\View\View.php(226): include('C:\\laragon\\www\\lab3\\app\\Views\\inc\\ourproducts.php')
 3 SYSTEMPATH\View\View.php(229): CodeIgniter\View\View->CodeIgniter\View\{closure}()
 4 SYSTEMPATH\View\View.php(467): CodeIgniter\View\View->render('/inc/ourproducts', null, true)
 5 APPPATH\Views\index.php(5): CodeIgniter\View\View->include('/inc/ourproducts')
 6 SYSTEMPATH\View\View.php(226): include('C:\\laragon\\www\\lab3\\app\\Views\\index.php')
 7 SYSTEMPATH\View\View.php(229): CodeIgniter\View\View->CodeIgniter\View\{closure}()
 8 SYSTEMPATH\View\View.php(467): CodeIgniter\View\View->render('index', null, true)
 9 APPPATH\Views\login\index.php(3): CodeIgniter\View\View->include('index')
10 SYSTEMPATH\View\View.php(226): include('C:\\laragon\\www\\lab3\\app\\Views\\login\\index.php')
11 SYSTEMPATH\View\View.php(229): CodeIgniter\View\View->CodeIgniter\View\{closure}()
12 SYSTEMPATH\Common.php(1188): CodeIgniter\View\View->render('login/index', [], true)
13 APPPATH\Controllers\LoginController.php(11): view('login/index')
14 SYSTEMPATH\CodeIgniter.php(919): App\Controllers\LoginController->index()
15 SYSTEMPATH\CodeIgniter.php(494): CodeIgniter\CodeIgniter->runController(Object(App\Controllers\LoginController))
16 SYSTEMPATH\CodeIgniter.php(353): CodeIgniter\CodeIgniter->handleRequest(null, Object(Config\Cache), false)
17 FCPATH\index.php(79): CodeIgniter\CodeIgniter->run()
18 SYSTEMPATH\Commands\Server\rewrite.php(47): require_once('C:\\laragon\\www\\lab3\\public\\index.php')
CRITICAL - 2023-09-30 07:59:44 --> Allowed memory size of 536870912 bytes exhausted (tried to allocate 32768 bytes)
in APPPATH\Views\login\index.php on line 1.
 1 [internal function]: CodeIgniter\Debug\Exceptions->shutdownHandler()
CRITICAL - 2023-09-30 07:59:49 --> Allowed memory size of 536870912 bytes exhausted (tried to allocate 32768 bytes)
in APPPATH\Views\login\index.php on line 1.
 1 [internal function]: CodeIgniter\Debug\Exceptions->shutdownHandler()
CRITICAL - 2023-09-30 11:45:23 --> Invalid file: "login/register.php"
in SYSTEMPATH\Exceptions\FrameworkException.php on line 39.
 1 SYSTEMPATH\View\View.php(214): CodeIgniter\Exceptions\FrameworkException::forInvalidFile('login/register.php')
 2 SYSTEMPATH\Common.php(1188): CodeIgniter\View\View->render('login/register', [], true)
 3 APPPATH\Controllers\LoginController.php(15): view('login/register')
 4 SYSTEMPATH\CodeIgniter.php(919): App\Controllers\LoginController->register()
 5 SYSTEMPATH\CodeIgniter.php(494): CodeIgniter\CodeIgniter->runController(Object(App\Controllers\LoginController))
 6 SYSTEMPATH\CodeIgniter.php(353): CodeIgniter\CodeIgniter->handleRequest(null, Object(Config\Cache), false)
 7 FCPATH\index.php(79): CodeIgniter\CodeIgniter->run()
 8 SYSTEMPATH\Commands\Server\rewrite.php(47): require_once('C:\\laragon\\www\\lab3\\public\\index.php')
CRITICAL - 2023-09-30 11:48:01 --> Invalid file: "login/register.php"
in SYSTEMPATH\Exceptions\FrameworkException.php on line 39.
 1 SYSTEMPATH\View\View.php(214): CodeIgniter\Exceptions\FrameworkException::forInvalidFile('login/register.php')
 2 SYSTEMPATH\Common.php(1188): CodeIgniter\View\View->render('login/register', [], true)
 3 APPPATH\Controllers\LoginController.php(15): view('login/register')
 4 SYSTEMPATH\CodeIgniter.php(919): App\Controllers\LoginController->register()
 5 SYSTEMPATH\CodeIgniter.php(494): CodeIgniter\CodeIgniter->runController(Object(App\Controllers\LoginController))
 6 SYSTEMPATH\CodeIgniter.php(353): CodeIgniter\CodeIgniter->handleRequest(null, Object(Config\Cache), false)
 7 FCPATH\index.php(79): CodeIgniter\CodeIgniter->run()
 8 SYSTEMPATH\Commands\Server\rewrite.php(47): require_once('C:\\laragon\\www\\lab3\\public\\index.php')
CRITICAL - 2023-09-30 11:48:19 --> Invalid file: "login/register.php"
in SYSTEMPATH\Exceptions\FrameworkException.php on line 39.
 1 SYSTEMPATH\View\View.php(214): CodeIgniter\Exceptions\FrameworkException::forInvalidFile('login/register.php')
 2 SYSTEMPATH\Common.php(1188): CodeIgniter\View\View->render('login/register', [], true)
 3 APPPATH\Controllers\LoginController.php(15): view('login/register')
 4 SYSTEMPATH\CodeIgniter.php(919): App\Controllers\LoginController->register()
 5 SYSTEMPATH\CodeIgniter.php(494): CodeIgniter\CodeIgniter->runController(Object(App\Controllers\LoginController))
 6 SYSTEMPATH\CodeIgniter.php(353): CodeIgniter\CodeIgniter->handleRequest(null, Object(Config\Cache), false)
 7 FCPATH\index.php(79): CodeIgniter\CodeIgniter->run()
 8 SYSTEMPATH\Commands\Server\rewrite.php(47): require_once('C:\\laragon\\www\\lab3\\public\\index.php')
CRITICAL - 2023-09-30 12:30:13 --> Invalid file: "admin/inc/index.php"
in SYSTEMPATH\Exceptions\FrameworkException.php on line 39.
 1 SYSTEMPATH\View\View.php(214): CodeIgniter\Exceptions\FrameworkException::forInvalidFile('admin/inc/index.php')
 2 SYSTEMPATH\Common.php(1188): CodeIgniter\View\View->render('admin/inc/index', [], true)
 3 APPPATH\Controllers\AdminController.php(11): view('admin/inc/index')
 4 SYSTEMPATH\CodeIgniter.php(919): App\Controllers\AdminController->admin()
 5 SYSTEMPATH\CodeIgniter.php(494): CodeIgniter\CodeIgniter->runController(Object(App\Controllers\AdminController))
 6 SYSTEMPATH\CodeIgniter.php(353): CodeIgniter\CodeIgniter->handleRequest(null, Object(Config\Cache), false)
 7 FCPATH\index.php(79): CodeIgniter\CodeIgniter->run()
 8 SYSTEMPATH\Commands\Server\rewrite.php(47): require_once('C:\\laragon\\www\\lab3\\public\\index.php')
CRITICAL - 2023-09-30 12:30:14 --> Invalid file: "admin/inc/index.php"
in SYSTEMPATH\Exceptions\FrameworkException.php on line 39.
 1 SYSTEMPATH\View\View.php(214): CodeIgniter\Exceptions\FrameworkException::forInvalidFile('admin/inc/index.php')
 2 SYSTEMPATH\Common.php(1188): CodeIgniter\View\View->render('admin/inc/index', [], true)
 3 APPPATH\Controllers\AdminController.php(11): view('admin/inc/index')
 4 SYSTEMPATH\CodeIgniter.php(919): App\Controllers\AdminController->admin()
 5 SYSTEMPATH\CodeIgniter.php(494): CodeIgniter\CodeIgniter->runController(Object(App\Controllers\AdminController))
 6 SYSTEMPATH\CodeIgniter.php(353): CodeIgniter\CodeIgniter->handleRequest(null, Object(Config\Cache), false)
 7 FCPATH\index.php(79): CodeIgniter\CodeIgniter->run()
 8 SYSTEMPATH\Commands\Server\rewrite.php(47): require_once('C:\\laragon\\www\\lab3\\public\\index.php')
CRITICAL - 2023-09-30 16:04:43 --> Trying to access array offset on value of type null
in APPPATH\Controllers\MainController.php on line 37.
 1 APPPATH\Controllers\MainController.php(37): CodeIgniter\Debug\Exceptions->errorHandler(2, 'Trying to access array offset on value of type null', 'C:\\laragon\\www\\lab3\\app\\Controllers\\MainController.php', 37)
 2 SYSTEMPATH\CodeIgniter.php(919): App\Controllers\MainController->login()
 3 SYSTEMPATH\CodeIgniter.php(494): CodeIgniter\CodeIgniter->runController(Object(App\Controllers\MainController))
 4 SYSTEMPATH\CodeIgniter.php(353): CodeIgniter\CodeIgniter->handleRequest(null, Object(Config\Cache), false)
 5 FCPATH\index.php(79): CodeIgniter\CodeIgniter->run()
 6 SYSTEMPATH\Commands\Server\rewrite.php(47): require_once('C:\\laragon\\www\\lab3\\public\\index.php')
CRITICAL - 2023-09-30 16:05:11 --> Trying to access array offset on value of type null
in APPPATH\Controllers\MainController.php on line 37.
 1 APPPATH\Controllers\MainController.php(37): CodeIgniter\Debug\Exceptions->errorHandler(2, 'Trying to access array offset on value of type null', 'C:\\laragon\\www\\lab3\\app\\Controllers\\MainController.php', 37)
 2 SYSTEMPATH\CodeIgniter.php(919): App\Controllers\MainController->login()
 3 SYSTEMPATH\CodeIgniter.php(494): CodeIgniter\CodeIgniter->runController(Object(App\Controllers\MainController))
 4 SYSTEMPATH\CodeIgniter.php(353): CodeIgniter\CodeIgniter->handleRequest(null, Object(Config\Cache), false)
 5 FCPATH\index.php(79): CodeIgniter\CodeIgniter->run()
 6 SYSTEMPATH\Commands\Server\rewrite.php(47): require_once('C:\\laragon\\www\\lab3\\public\\index.php')
CRITICAL - 2023-09-30 16:10:15 --> Trying to access array offset on value of type null
in APPPATH\Controllers\MainController.php on line 38.
 1 APPPATH\Controllers\MainController.php(38): CodeIgniter\Debug\Exceptions->errorHandler(2, 'Trying to access array offset on value of type null', 'C:\\laragon\\www\\lab3\\app\\Controllers\\MainController.php', 38)
 2 SYSTEMPATH\CodeIgniter.php(919): App\Controllers\MainController->login()
 3 SYSTEMPATH\CodeIgniter.php(494): CodeIgniter\CodeIgniter->runController(Object(App\Controllers\MainController))
 4 SYSTEMPATH\CodeIgniter.php(353): CodeIgniter\CodeIgniter->handleRequest(null, Object(Config\Cache), false)
 5 FCPATH\index.php(79): CodeIgniter\CodeIgniter->run()
 6 SYSTEMPATH\Commands\Server\rewrite.php(47): require_once('C:\\laragon\\www\\lab3\\public\\index.php')
CRITICAL - 2023-09-30 16:14:09 --> Invalid file: "/shop.php"
in SYSTEMPATH\Exceptions\FrameworkException.php on line 39.
 1 SYSTEMPATH\View\View.php(214): CodeIgniter\Exceptions\FrameworkException::forInvalidFile('/shop.php')
 2 SYSTEMPATH\Common.php(1188): CodeIgniter\View\View->render('/shop', [], true)
 3 APPPATH\Controllers\MainController.php(42): view('/shop')
 4 SYSTEMPATH\CodeIgniter.php(919): App\Controllers\MainController->login()
 5 SYSTEMPATH\CodeIgniter.php(494): CodeIgniter\CodeIgniter->runController(Object(App\Controllers\MainController))
 6 SYSTEMPATH\CodeIgniter.php(353): CodeIgniter\CodeIgniter->handleRequest(null, Object(Config\Cache), false)
 7 FCPATH\index.php(79): CodeIgniter\CodeIgniter->run()
 8 SYSTEMPATH\Commands\Server\rewrite.php(47): require_once('C:\\laragon\\www\\lab3\\public\\index.php')
CRITICAL - 2023-09-30 16:14:25 --> Invalid file: "/.php"
in SYSTEMPATH\Exceptions\FrameworkException.php on line 39.
 1 SYSTEMPATH\View\View.php(214): CodeIgniter\Exceptions\FrameworkException::forInvalidFile('/.php')
 2 SYSTEMPATH\Common.php(1188): CodeIgniter\View\View->render('/', [], true)
 3 APPPATH\Controllers\MainController.php(42): view('/')
 4 SYSTEMPATH\CodeIgniter.php(919): App\Controllers\MainController->login()
 5 SYSTEMPATH\CodeIgniter.php(494): CodeIgniter\CodeIgniter->runController(Object(App\Controllers\MainController))
 6 SYSTEMPATH\CodeIgniter.php(353): CodeIgniter\CodeIgniter->handleRequest(null, Object(Config\Cache), false)
 7 FCPATH\index.php(79): CodeIgniter\CodeIgniter->run()
 8 SYSTEMPATH\Commands\Server\rewrite.php(47): require_once('C:\\laragon\\www\\lab3\\public\\index.php')
CRITICAL - 2023-09-30 16:14:32 --> Invalid file: "/.php"
in SYSTEMPATH\Exceptions\FrameworkException.php on line 39.
 1 SYSTEMPATH\View\View.php(214): CodeIgniter\Exceptions\FrameworkException::forInvalidFile('/.php')
 2 SYSTEMPATH\Common.php(1188): CodeIgniter\View\View->render('/', [], true)
 3 APPPATH\Controllers\MainController.php(48): view('/')
 4 SYSTEMPATH\CodeIgniter.php(919): App\Controllers\MainController->login()
 5 SYSTEMPATH\CodeIgniter.php(494): CodeIgniter\CodeIgniter->runController(Object(App\Controllers\MainController))
 6 SYSTEMPATH\CodeIgniter.php(353): CodeIgniter\CodeIgniter->handleRequest(null, Object(Config\Cache), false)
 7 FCPATH\index.php(79): CodeIgniter\CodeIgniter->run()
 8 SYSTEMPATH\Commands\Server\rewrite.php(47): require_once('C:\\laragon\\www\\lab3\\public\\index.php')
CRITICAL - 2023-09-30 16:15:09 --> Invalid file: "/.php"
in SYSTEMPATH\Exceptions\FrameworkException.php on line 39.
 1 SYSTEMPATH\View\View.php(214): CodeIgniter\Exceptions\FrameworkException::forInvalidFile('/.php')
 2 SYSTEMPATH\Common.php(1188): CodeIgniter\View\View->render('/', [], true)
 3 APPPATH\Controllers\MainController.php(48): view('/')
 4 SYSTEMPATH\CodeIgniter.php(919): App\Controllers\MainController->login()
 5 SYSTEMPATH\CodeIgniter.php(494): CodeIgniter\CodeIgniter->runController(Object(App\Controllers\MainController))
 6 SYSTEMPATH\CodeIgniter.php(353): CodeIgniter\CodeIgniter->handleRequest(null, Object(Config\Cache), false)
 7 FCPATH\index.php(79): CodeIgniter\CodeIgniter->run()
 8 SYSTEMPATH\Commands\Server\rewrite.php(47): require_once('C:\\laragon\\www\\lab3\\public\\index.php')
CRITICAL - 2023-09-30 16:15:10 --> Invalid file: "/.php"
in SYSTEMPATH\Exceptions\FrameworkException.php on line 39.
 1 SYSTEMPATH\View\View.php(214): CodeIgniter\Exceptions\FrameworkException::forInvalidFile('/.php')
 2 SYSTEMPATH\Common.php(1188): CodeIgniter\View\View->render('/', [], true)
 3 APPPATH\Controllers\MainController.php(48): view('/')
 4 SYSTEMPATH\CodeIgniter.php(919): App\Controllers\MainController->login()
 5 SYSTEMPATH\CodeIgniter.php(494): CodeIgniter\CodeIgniter->runController(Object(App\Controllers\MainController))
 6 SYSTEMPATH\CodeIgniter.php(353): CodeIgniter\CodeIgniter->handleRequest(null, Object(Config\Cache), false)
 7 FCPATH\index.php(79): CodeIgniter\CodeIgniter->run()
 8 SYSTEMPATH\Commands\Server\rewrite.php(47): require_once('C:\\laragon\\www\\lab3\\public\\index.php')
CRITICAL - 2023-09-30 16:15:18 --> Invalid file: "/.php"
in SYSTEMPATH\Exceptions\FrameworkException.php on line 39.
 1 SYSTEMPATH\View\View.php(214): CodeIgniter\Exceptions\FrameworkException::forInvalidFile('/.php')
 2 SYSTEMPATH\Common.php(1188): CodeIgniter\View\View->render('/', [], true)
 3 APPPATH\Controllers\MainController.php(48): view('/')
 4 SYSTEMPATH\CodeIgniter.php(919): App\Controllers\MainController->login()
 5 SYSTEMPATH\CodeIgniter.php(494): CodeIgniter\CodeIgniter->runController(Object(App\Controllers\MainController))
 6 SYSTEMPATH\CodeIgniter.php(353): CodeIgniter\CodeIgniter->handleRequest(null, Object(Config\Cache), false)
 7 FCPATH\index.php(79): CodeIgniter\CodeIgniter->run()
 8 SYSTEMPATH\Commands\Server\rewrite.php(47): require_once('C:\\laragon\\www\\lab3\\public\\index.php')
CRITICAL - 2023-09-30 16:15:21 --> Invalid file: "/.php"
in SYSTEMPATH\Exceptions\FrameworkException.php on line 39.
 1 SYSTEMPATH\View\View.php(214): CodeIgniter\Exceptions\FrameworkException::forInvalidFile('/.php')
 2 SYSTEMPATH\Common.php(1188): CodeIgniter\View\View->render('/', [], true)
 3 APPPATH\Controllers\MainController.php(48): view('/')
 4 SYSTEMPATH\CodeIgniter.php(919): App\Controllers\MainController->login()
 5 SYSTEMPATH\CodeIgniter.php(494): CodeIgniter\CodeIgniter->runController(Object(App\Controllers\MainController))
 6 SYSTEMPATH\CodeIgniter.php(353): CodeIgniter\CodeIgniter->handleRequest(null, Object(Config\Cache), false)
 7 FCPATH\index.php(79): CodeIgniter\CodeIgniter->run()
 8 SYSTEMPATH\Commands\Server\rewrite.php(47): require_once('C:\\laragon\\www\\lab3\\public\\index.php')
CRITICAL - 2023-09-30 16:15:22 --> Invalid file: "/.php"
in SYSTEMPATH\Exceptions\FrameworkException.php on line 39.
 1 SYSTEMPATH\View\View.php(214): CodeIgniter\Exceptions\FrameworkException::forInvalidFile('/.php')
 2 SYSTEMPATH\Common.php(1188): CodeIgniter\View\View->render('/', [], true)
 3 APPPATH\Controllers\MainController.php(48): view('/')
 4 SYSTEMPATH\CodeIgniter.php(919): App\Controllers\MainController->login()
 5 SYSTEMPATH\CodeIgniter.php(494): CodeIgniter\CodeIgniter->runController(Object(App\Controllers\MainController))
 6 SYSTEMPATH\CodeIgniter.php(353): CodeIgniter\CodeIgniter->handleRequest(null, Object(Config\Cache), false)
 7 FCPATH\index.php(79): CodeIgniter\CodeIgniter->run()
 8 SYSTEMPATH\Commands\Server\rewrite.php(47): require_once('C:\\laragon\\www\\lab3\\public\\index.php')
CRITICAL - 2023-09-30 16:15:22 --> Invalid file: "/.php"
in SYSTEMPATH\Exceptions\FrameworkException.php on line 39.
 1 SYSTEMPATH\View\View.php(214): CodeIgniter\Exceptions\FrameworkException::forInvalidFile('/.php')
 2 SYSTEMPATH\Common.php(1188): CodeIgniter\View\View->render('/', [], true)
 3 APPPATH\Controllers\MainController.php(48): view('/')
 4 SYSTEMPATH\CodeIgniter.php(919): App\Controllers\MainController->login()
 5 SYSTEMPATH\CodeIgniter.php(494): CodeIgniter\CodeIgniter->runController(Object(App\Controllers\MainController))
 6 SYSTEMPATH\CodeIgniter.php(353): CodeIgniter\CodeIgniter->handleRequest(null, Object(Config\Cache), false)
 7 FCPATH\index.php(79): CodeIgniter\CodeIgniter->run()
 8 SYSTEMPATH\Commands\Server\rewrite.php(47): require_once('C:\\laragon\\www\\lab3\\public\\index.php')
CRITICAL - 2023-09-30 16:15:23 --> Invalid file: "/.php"
in SYSTEMPATH\Exceptions\FrameworkException.php on line 39.
 1 SYSTEMPATH\View\View.php(214): CodeIgniter\Exceptions\FrameworkException::forInvalidFile('/.php')
 2 SYSTEMPATH\Common.php(1188): CodeIgniter\View\View->render('/', [], true)
 3 APPPATH\Controllers\MainController.php(48): view('/')
 4 SYSTEMPATH\CodeIgniter.php(919): App\Controllers\MainController->login()
 5 SYSTEMPATH\CodeIgniter.php(494): CodeIgniter\CodeIgniter->runController(Object(App\Controllers\MainController))
 6 SYSTEMPATH\CodeIgniter.php(353): CodeIgniter\CodeIgniter->handleRequest(null, Object(Config\Cache), false)
 7 FCPATH\index.php(79): CodeIgniter\CodeIgniter->run()
 8 SYSTEMPATH\Commands\Server\rewrite.php(47): require_once('C:\\laragon\\www\\lab3\\public\\index.php')
CRITICAL - 2023-09-30 16:15:23 --> Invalid file: "/.php"
in SYSTEMPATH\Exceptions\FrameworkException.php on line 39.
 1 SYSTEMPATH\View\View.php(214): CodeIgniter\Exceptions\FrameworkException::forInvalidFile('/.php')
 2 SYSTEMPATH\Common.php(1188): CodeIgniter\View\View->render('/', [], true)
 3 APPPATH\Controllers\MainController.php(48): view('/')
 4 SYSTEMPATH\CodeIgniter.php(919): App\Controllers\MainController->login()
 5 SYSTEMPATH\CodeIgniter.php(494): CodeIgniter\CodeIgniter->runController(Object(App\Controllers\MainController))
 6 SYSTEMPATH\CodeIgniter.php(353): CodeIgniter\CodeIgniter->handleRequest(null, Object(Config\Cache), false)
 7 FCPATH\index.php(79): CodeIgniter\CodeIgniter->run()
 8 SYSTEMPATH\Commands\Server\rewrite.php(47): require_once('C:\\laragon\\www\\lab3\\public\\index.php')
CRITICAL - 2023-09-30 16:15:38 --> Invalid file: "/.php"
in SYSTEMPATH\Exceptions\FrameworkException.php on line 39.
 1 SYSTEMPATH\View\View.php(214): CodeIgniter\Exceptions\FrameworkException::forInvalidFile('/.php')
 2 SYSTEMPATH\Common.php(1188): CodeIgniter\View\View->render('/', [], true)
 3 APPPATH\Controllers\MainController.php(48): view('/')
 4 SYSTEMPATH\CodeIgniter.php(919): App\Controllers\MainController->login()
 5 SYSTEMPATH\CodeIgniter.php(494): CodeIgniter\CodeIgniter->runController(Object(App\Controllers\MainController))
 6 SYSTEMPATH\CodeIgniter.php(353): CodeIgniter\CodeIgniter->handleRequest(null, Object(Config\Cache), false)
 7 FCPATH\index.php(79): CodeIgniter\CodeIgniter->run()
 8 SYSTEMPATH\Commands\Server\rewrite.php(47): require_once('C:\\laragon\\www\\lab3\\public\\index.php')
CRITICAL - 2023-09-30 16:16:08 --> Invalid file: "/.php"
in SYSTEMPATH\Exceptions\FrameworkException.php on line 39.
 1 SYSTEMPATH\View\View.php(214): CodeIgniter\Exceptions\FrameworkException::forInvalidFile('/.php')
 2 SYSTEMPATH\Common.php(1188): CodeIgniter\View\View->render('/', [], true)
 3 APPPATH\Controllers\MainController.php(42): view('/')
 4 SYSTEMPATH\CodeIgniter.php(919): App\Controllers\MainController->login()
 5 SYSTEMPATH\CodeIgniter.php(494): CodeIgniter\CodeIgniter->runController(Object(App\Controllers\MainController))
 6 SYSTEMPATH\CodeIgniter.php(353): CodeIgniter\CodeIgniter->handleRequest(null, Object(Config\Cache), false)
 7 FCPATH\index.php(79): CodeIgniter\CodeIgniter->run()
 8 SYSTEMPATH\Commands\Server\rewrite.php(47): require_once('C:\\laragon\\www\\lab3\\public\\index.php')
CRITICAL - 2023-09-30 16:16:16 --> Invalid file: "/.php"
in SYSTEMPATH\Exceptions\FrameworkException.php on line 39.
 1 SYSTEMPATH\View\View.php(214): CodeIgniter\Exceptions\FrameworkException::forInvalidFile('/.php')
 2 SYSTEMPATH\Common.php(1188): CodeIgniter\View\View->render('/', [], true)
 3 APPPATH\Controllers\MainController.php(42): view('/')
 4 SYSTEMPATH\CodeIgniter.php(919): App\Controllers\MainController->login()
 5 SYSTEMPATH\CodeIgniter.php(494): CodeIgniter\CodeIgniter->runController(Object(App\Controllers\MainController))
 6 SYSTEMPATH\CodeIgniter.php(353): CodeIgniter\CodeIgniter->handleRequest(null, Object(Config\Cache), false)
 7 FCPATH\index.php(79): CodeIgniter\CodeIgniter->run()
 8 SYSTEMPATH\Commands\Server\rewrite.php(47): require_once('C:\\laragon\\www\\lab3\\public\\index.php')
CRITICAL - 2023-09-30 16:16:31 --> Undefined variable $products
in APPPATH\Views\inc\ourproducts.php on line 15.
 1 APPPATH\Views\inc\ourproducts.php(15): CodeIgniter\Debug\Exceptions->errorHandler(2, 'Undefined variable $products', 'C:\\laragon\\www\\lab3\\app\\Views\\inc\\ourproducts.php', 15)
 2 SYSTEMPATH\View\View.php(226): include('C:\\laragon\\www\\lab3\\app\\Views\\inc\\ourproducts.php')
 3 SYSTEMPATH\View\View.php(229): CodeIgniter\View\View->CodeIgniter\View\{closure}()
 4 SYSTEMPATH\View\View.php(467): CodeIgniter\View\View->render('/inc/ourproducts', null, true)
 5 APPPATH\Views\index.php(5): CodeIgniter\View\View->include('/inc/ourproducts')
 6 SYSTEMPATH\View\View.php(226): include('C:\\laragon\\www\\lab3\\app\\Views\\index.php')
 7 SYSTEMPATH\View\View.php(229): CodeIgniter\View\View->CodeIgniter\View\{closure}()
 8 SYSTEMPATH\Common.php(1188): CodeIgniter\View\View->render('index', [], true)
 9 APPPATH\Controllers\MainController.php(42): view('index')
10 SYSTEMPATH\CodeIgniter.php(919): App\Controllers\MainController->login()
11 SYSTEMPATH\CodeIgniter.php(494): CodeIgniter\CodeIgniter->runController(Object(App\Controllers\MainController))
12 SYSTEMPATH\CodeIgniter.php(353): CodeIgniter\CodeIgniter->handleRequest(null, Object(Config\Cache), false)
13 FCPATH\index.php(79): CodeIgniter\CodeIgniter->run()
14 SYSTEMPATH\Commands\Server\rewrite.php(47): require_once('C:\\laragon\\www\\lab3\\public\\index.php')
CRITICAL - 2023-09-30 16:19:43 --> Undefined variable $products
in APPPATH\Views\inc\ourproducts.php on line 15.
 1 APPPATH\Views\inc\ourproducts.php(15): CodeIgniter\Debug\Exceptions->errorHandler(2, 'Undefined variable $products', 'C:\\laragon\\www\\lab3\\app\\Views\\inc\\ourproducts.php', 15)
 2 SYSTEMPATH\View\View.php(226): include('C:\\laragon\\www\\lab3\\app\\Views\\inc\\ourproducts.php')
 3 SYSTEMPATH\View\View.php(229): CodeIgniter\View\View->CodeIgniter\View\{closure}()
 4 SYSTEMPATH\View\View.php(467): CodeIgniter\View\View->render('/inc/ourproducts', null, true)
 5 APPPATH\Views\index.php(5): CodeIgniter\View\View->include('/inc/ourproducts')
 6 SYSTEMPATH\View\View.php(226): include('C:\\laragon\\www\\lab3\\app\\Views\\index.php')
 7 SYSTEMPATH\View\View.php(229): CodeIgniter\View\View->CodeIgniter\View\{closure}()
 8 SYSTEMPATH\Common.php(1188): CodeIgniter\View\View->render('index', [], true)
 9 APPPATH\Controllers\MainController.php(48): view('index')
10 SYSTEMPATH\CodeIgniter.php(919): App\Controllers\MainController->login()
11 SYSTEMPATH\CodeIgniter.php(494): CodeIgniter\CodeIgniter->runController(Object(App\Controllers\MainController))
12 SYSTEMPATH\CodeIgniter.php(353): CodeIgniter\CodeIgniter->handleRequest(null, Object(Config\Cache), false)
13 FCPATH\index.php(79): CodeIgniter\CodeIgniter->run()
14 SYSTEMPATH\Commands\Server\rewrite.php(47): require_once('C:\\laragon\\www\\lab3\\public\\index.php')
CRITICAL - 2023-09-30 16:24:37 --> Undefined variable $products
in APPPATH\Views\inc\ourproducts.php on line 15.
 1 APPPATH\Views\inc\ourproducts.php(15): CodeIgniter\Debug\Exceptions->errorHandler(2, 'Undefined variable $products', 'C:\\laragon\\www\\lab3\\app\\Views\\inc\\ourproducts.php', 15)
 2 SYSTEMPATH\View\View.php(226): include('C:\\laragon\\www\\lab3\\app\\Views\\inc\\ourproducts.php')
 3 SYSTEMPATH\View\View.php(229): CodeIgniter\View\View->CodeIgniter\View\{closure}()
 4 SYSTEMPATH\View\View.php(467): CodeIgniter\View\View->render('/inc/ourproducts', null, true)
 5 APPPATH\Views\index.php(5): CodeIgniter\View\View->include('/inc/ourproducts')
 6 SYSTEMPATH\View\View.php(226): include('C:\\laragon\\www\\lab3\\app\\Views\\index.php')
 7 SYSTEMPATH\View\View.php(229): CodeIgniter\View\View->CodeIgniter\View\{closure}()
 8 SYSTEMPATH\Common.php(1188): CodeIgniter\View\View->render('index', [], true)
 9 APPPATH\Controllers\MainController.php(48): view('index')
10 SYSTEMPATH\CodeIgniter.php(919): App\Controllers\MainController->login()
11 SYSTEMPATH\CodeIgniter.php(494): CodeIgniter\CodeIgniter->runController(Object(App\Controllers\MainController))
12 SYSTEMPATH\CodeIgniter.php(353): CodeIgniter\CodeIgniter->handleRequest(null, Object(Config\Cache), false)
13 FCPATH\index.php(79): CodeIgniter\CodeIgniter->run()
14 SYSTEMPATH\Commands\Server\rewrite.php(47): require_once('C:\\laragon\\www\\lab3\\public\\index.php')
CRITICAL - 2023-09-30 16:25:23 --> Undefined variable $products
in APPPATH\Views\inc\ourproducts.php on line 14.
 1 APPPATH\Views\inc\ourproducts.php(14): CodeIgniter\Debug\Exceptions->errorHandler(2, 'Undefined variable $products', 'C:\\laragon\\www\\lab3\\app\\Views\\inc\\ourproducts.php', 14)
 2 SYSTEMPATH\View\View.php(226): include('C:\\laragon\\www\\lab3\\app\\Views\\inc\\ourproducts.php')
 3 SYSTEMPATH\View\View.php(229): CodeIgniter\View\View->CodeIgniter\View\{closure}()
 4 SYSTEMPATH\View\View.php(467): CodeIgniter\View\View->render('/inc/ourproducts', null, true)
 5 APPPATH\Views\index.php(5): CodeIgniter\View\View->include('/inc/ourproducts')
 6 SYSTEMPATH\View\View.php(226): include('C:\\laragon\\www\\lab3\\app\\Views\\index.php')
 7 SYSTEMPATH\View\View.php(229): CodeIgniter\View\View->CodeIgniter\View\{closure}()
 8 SYSTEMPATH\Common.php(1188): CodeIgniter\View\View->render('index', [], true)
 9 APPPATH\Controllers\MainController.php(48): view('index')
10 SYSTEMPATH\CodeIgniter.php(919): App\Controllers\MainController->login()
11 SYSTEMPATH\CodeIgniter.php(494): CodeIgniter\CodeIgniter->runController(Object(App\Controllers\MainController))
12 SYSTEMPATH\CodeIgniter.php(353): CodeIgniter\CodeIgniter->handleRequest(null, Object(Config\Cache), false)
13 FCPATH\index.php(79): CodeIgniter\CodeIgniter->run()
14 SYSTEMPATH\Commands\Server\rewrite.php(47): require_once('C:\\laragon\\www\\lab3\\public\\index.php')
CRITICAL - 2023-09-30 16:26:31 --> Undefined variable $products
in APPPATH\Views\inc\ourproducts.php on line 14.
 1 APPPATH\Views\inc\ourproducts.php(14): CodeIgniter\Debug\Exceptions->errorHandler(2, 'Undefined variable $products', 'C:\\laragon\\www\\lab3\\app\\Views\\inc\\ourproducts.php', 14)
 2 SYSTEMPATH\View\View.php(226): include('C:\\laragon\\www\\lab3\\app\\Views\\inc\\ourproducts.php')
 3 SYSTEMPATH\View\View.php(229): CodeIgniter\View\View->CodeIgniter\View\{closure}()
 4 SYSTEMPATH\View\View.php(467): CodeIgniter\View\View->render('/inc/ourproducts', null, true)
 5 APPPATH\Views\index.php(5): CodeIgniter\View\View->include('/inc/ourproducts')
 6 SYSTEMPATH\View\View.php(226): include('C:\\laragon\\www\\lab3\\app\\Views\\index.php')
 7 SYSTEMPATH\View\View.php(229): CodeIgniter\View\View->CodeIgniter\View\{closure}()
 8 SYSTEMPATH\Common.php(1188): CodeIgniter\View\View->render('index', [], true)
 9 APPPATH\Controllers\MainController.php(48): view('index')
10 SYSTEMPATH\CodeIgniter.php(919): App\Controllers\MainController->login()
11 SYSTEMPATH\CodeIgniter.php(494): CodeIgniter\CodeIgniter->runController(Object(App\Controllers\MainController))
12 SYSTEMPATH\CodeIgniter.php(353): CodeIgniter\CodeIgniter->handleRequest(null, Object(Config\Cache), false)
13 FCPATH\index.php(79): CodeIgniter\CodeIgniter->run()
14 SYSTEMPATH\Commands\Server\rewrite.php(47): require_once('C:\\laragon\\www\\lab3\\public\\index.php')
CRITICAL - 2023-09-30 16:26:40 --> Undefined variable $products
in APPPATH\Views\inc\ourproducts.php on line 14.
 1 APPPATH\Views\inc\ourproducts.php(14): CodeIgniter\Debug\Exceptions->errorHandler(2, 'Undefined variable $products', 'C:\\laragon\\www\\lab3\\app\\Views\\inc\\ourproducts.php', 14)
 2 SYSTEMPATH\View\View.php(226): include('C:\\laragon\\www\\lab3\\app\\Views\\inc\\ourproducts.php')
 3 SYSTEMPATH\View\View.php(229): CodeIgniter\View\View->CodeIgniter\View\{closure}()
 4 SYSTEMPATH\View\View.php(467): CodeIgniter\View\View->render('/inc/ourproducts', null, true)
 5 APPPATH\Views\index.php(5): CodeIgniter\View\View->include('/inc/ourproducts')
 6 SYSTEMPATH\View\View.php(226): include('C:\\laragon\\www\\lab3\\app\\Views\\index.php')
 7 SYSTEMPATH\View\View.php(229): CodeIgniter\View\View->CodeIgniter\View\{closure}()
 8 SYSTEMPATH\Common.php(1188): CodeIgniter\View\View->render('index', [], true)
 9 APPPATH\Controllers\MainController.php(48): view('index')
10 SYSTEMPATH\CodeIgniter.php(919): App\Controllers\MainController->login()
11 SYSTEMPATH\CodeIgniter.php(494): CodeIgniter\CodeIgniter->runController(Object(App\Controllers\MainController))
12 SYSTEMPATH\CodeIgniter.php(353): CodeIgniter\CodeIgniter->handleRequest(null, Object(Config\Cache), false)
13 FCPATH\index.php(79): CodeIgniter\CodeIgniter->run()
14 SYSTEMPATH\Commands\Server\rewrite.php(47): require_once('C:\\laragon\\www\\lab3\\public\\index.php')
CRITICAL - 2023-09-30 16:26:56 --> Undefined variable $products
in APPPATH\Views\inc\ourproducts.php on line 15.
 1 APPPATH\Views\inc\ourproducts.php(15): CodeIgniter\Debug\Exceptions->errorHandler(2, 'Undefined variable $products', 'C:\\laragon\\www\\lab3\\app\\Views\\inc\\ourproducts.php', 15)
 2 SYSTEMPATH\View\View.php(226): include('C:\\laragon\\www\\lab3\\app\\Views\\inc\\ourproducts.php')
 3 SYSTEMPATH\View\View.php(229): CodeIgniter\View\View->CodeIgniter\View\{closure}()
 4 SYSTEMPATH\View\View.php(467): CodeIgniter\View\View->render('/inc/ourproducts', null, true)
 5 APPPATH\Views\index.php(5): CodeIgniter\View\View->include('/inc/ourproducts')
 6 SYSTEMPATH\View\View.php(226): include('C:\\laragon\\www\\lab3\\app\\Views\\index.php')
 7 SYSTEMPATH\View\View.php(229): CodeIgniter\View\View->CodeIgniter\View\{closure}()
 8 SYSTEMPATH\Common.php(1188): CodeIgniter\View\View->render('index', [], true)
 9 APPPATH\Controllers\MainController.php(48): view('index')
10 SYSTEMPATH\CodeIgniter.php(919): App\Controllers\MainController->login()
11 SYSTEMPATH\CodeIgniter.php(494): CodeIgniter\CodeIgniter->runController(Object(App\Controllers\MainController))
12 SYSTEMPATH\CodeIgniter.php(353): CodeIgniter\CodeIgniter->handleRequest(null, Object(Config\Cache), false)
13 FCPATH\index.php(79): CodeIgniter\CodeIgniter->run()
14 SYSTEMPATH\Commands\Server\rewrite.php(47): require_once('C:\\laragon\\www\\lab3\\public\\index.php')
CRITICAL - 2023-09-30 16:39:25 --> Invalid file: "admin/inc/index.php"
in SYSTEMPATH\Exceptions\FrameworkException.php on line 39.
 1 SYSTEMPATH\View\View.php(214): CodeIgniter\Exceptions\FrameworkException::forInvalidFile('admin/inc/index.php')
 2 SYSTEMPATH\Common.php(1188): CodeIgniter\View\View->render('admin/inc/index', [], true)
 3 APPPATH\Controllers\AdminController.php(11): view('admin/inc/index')
 4 SYSTEMPATH\CodeIgniter.php(919): App\Controllers\AdminController->admin()
 5 SYSTEMPATH\CodeIgniter.php(494): CodeIgniter\CodeIgniter->runController(Object(App\Controllers\AdminController))
 6 SYSTEMPATH\CodeIgniter.php(353): CodeIgniter\CodeIgniter->handleRequest(null, Object(Config\Cache), false)
 7 FCPATH\index.php(79): CodeIgniter\CodeIgniter->run()
 8 SYSTEMPATH\Commands\Server\rewrite.php(47): require_once('C:\\laragon\\www\\lab3\\public\\index.php')
CRITICAL - 2023-09-30 16:49:40 --> Invalid file: "/admins.php"
in SYSTEMPATH\Exceptions\FrameworkException.php on line 39.
 1 SYSTEMPATH\View\View.php(214): CodeIgniter\Exceptions\FrameworkException::forInvalidFile('/admins.php')
 2 SYSTEMPATH\Common.php(1188): CodeIgniter\View\View->render('/admins', [], true)
 3 APPPATH\Controllers\MainController.php(48): view('/admins', [...])
 4 SYSTEMPATH\CodeIgniter.php(919): App\Controllers\MainController->login()
 5 SYSTEMPATH\CodeIgniter.php(494): CodeIgniter\CodeIgniter->runController(Object(App\Controllers\MainController))
 6 SYSTEMPATH\CodeIgniter.php(353): CodeIgniter\CodeIgniter->handleRequest(null, Object(Config\Cache), false)
 7 FCPATH\index.php(79): CodeIgniter\CodeIgniter->run()
 8 SYSTEMPATH\Commands\Server\rewrite.php(47): require_once('C:\\laragon\\www\\lab3\\public\\index.php')
