CRITICAL - 2023-10-07 07:02:12 --> Invalid file: "product/add.php"
in SYSTEMPATH\Exceptions\FrameworkException.php on line 39.
 1 SYSTEMPATH\View\View.php(214): CodeIgniter\Exceptions\FrameworkException::forInvalidFile('product/add.php')
 2 SYSTEMPATH\Common.php(1188): CodeIgniter\View\View->render('product/add', [], true)
 3 APPPATH\Controllers\MainController.php(62): view('product/add', [...])
 4 SYSTEMPATH\CodeIgniter.php(919): App\Controllers\MainController->store()
 5 SYSTEMPATH\CodeIgniter.php(494): CodeIgniter\CodeIgniter->runController(Object(App\Controllers\MainController))
 6 SYSTEMPATH\CodeIgniter.php(353): CodeIgniter\CodeIgniter->handleRequest(null, Object(Config\Cache), false)
 7 FCPATH\index.php(79): CodeIgniter\CodeIgniter->run()
 8 SYSTEMPATH\Commands\Server\rewrite.php(47): require_once('C:\\laragon\\www\\lab3\\public\\index.php')
CRITICAL - 2023-10-07 07:02:48 --> Invalid file: "admins.php"
in SYSTEMPATH\Exceptions\FrameworkException.php on line 39.
 1 SYSTEMPATH\View\View.php(214): CodeIgniter\Exceptions\FrameworkException::forInvalidFile('admins.php')
 2 SYSTEMPATH\Common.php(1188): CodeIgniter\View\View->render('admins', [], true)
 3 APPPATH\Controllers\MainController.php(62): view('admins', [...])
 4 SYSTEMPATH\CodeIgniter.php(919): App\Controllers\MainController->store()
 5 SYSTEMPATH\CodeIgniter.php(494): CodeIgniter\CodeIgniter->runController(Object(App\Controllers\MainController))
 6 SYSTEMPATH\CodeIgniter.php(353): CodeIgniter\CodeIgniter->handleRequest(null, Object(Config\Cache), false)
 7 FCPATH\index.php(79): CodeIgniter\CodeIgniter->run()
 8 SYSTEMPATH\Commands\Server\rewrite.php(47): require_once('C:\\laragon\\www\\lab3\\public\\index.php')
CRITICAL - 2023-10-07 07:03:02 --> Undefined variable $products
in APPPATH\Views\admin\index.php on line 263.
 1 APPPATH\Views\admin\index.php(263): CodeIgniter\Debug\Exceptions->errorHandler(2, 'Undefined variable $products', 'C:\\laragon\\www\\lab3\\app\\Views\\admin\\index.php', 263)
 2 SYSTEMPATH\View\View.php(226): include('C:\\laragon\\www\\lab3\\app\\Views\\admin\\index.php')
 3 SYSTEMPATH\View\View.php(229): CodeIgniter\View\View->CodeIgniter\View\{closure}()
 4 SYSTEMPATH\Common.php(1188): CodeIgniter\View\View->render('admin/index', [], true)
 5 APPPATH\Controllers\MainController.php(62): view('admin/index', [...])
 6 SYSTEMPATH\CodeIgniter.php(919): App\Controllers\MainController->store()
 7 SYSTEMPATH\CodeIgniter.php(494): CodeIgniter\CodeIgniter->runController(Object(App\Controllers\MainController))
 8 SYSTEMPATH\CodeIgniter.php(353): CodeIgniter\CodeIgniter->handleRequest(null, Object(Config\Cache), false)
 9 FCPATH\index.php(79): CodeIgniter\CodeIgniter->run()
10 SYSTEMPATH\Commands\Server\rewrite.php(47): require_once('C:\\laragon\\www\\lab3\\public\\index.php')
CRITICAL - 2023-10-07 07:03:51 --> Undefined variable $products
in APPPATH\Views\admin\index.php on line 263.
 1 APPPATH\Views\admin\index.php(263): CodeIgniter\Debug\Exceptions->errorHandler(2, 'Undefined variable $products', 'C:\\laragon\\www\\lab3\\app\\Views\\admin\\index.php', 263)
 2 SYSTEMPATH\View\View.php(226): include('C:\\laragon\\www\\lab3\\app\\Views\\admin\\index.php')
 3 SYSTEMPATH\View\View.php(229): CodeIgniter\View\View->CodeIgniter\View\{closure}()
 4 SYSTEMPATH\Common.php(1188): CodeIgniter\View\View->render('admin/index', [], true)
 5 APPPATH\Controllers\MainController.php(65): view('admin/index', [...])
 6 SYSTEMPATH\CodeIgniter.php(919): App\Controllers\MainController->store()
 7 SYSTEMPATH\CodeIgniter.php(494): CodeIgniter\CodeIgniter->runController(Object(App\Controllers\MainController))
 8 SYSTEMPATH\CodeIgniter.php(353): CodeIgniter\CodeIgniter->handleRequest(null, Object(Config\Cache), false)
 9 FCPATH\index.php(79): CodeIgniter\CodeIgniter->run()
10 SYSTEMPATH\Commands\Server\rewrite.php(47): require_once('C:\\laragon\\www\\lab3\\public\\index.php')
CRITICAL - 2023-10-07 07:04:07 --> Call to a member function isValid() on null
in APPPATH\Controllers\MainController.php on line 65.
 1 SYSTEMPATH\CodeIgniter.php(919): App\Controllers\MainController->store()
 2 SYSTEMPATH\CodeIgniter.php(494): CodeIgniter\CodeIgniter->runController(Object(App\Controllers\MainController))
 3 SYSTEMPATH\CodeIgniter.php(353): CodeIgniter\CodeIgniter->handleRequest(null, Object(Config\Cache), false)
 4 FCPATH\index.php(79): CodeIgniter\CodeIgniter->run()
 5 SYSTEMPATH\Commands\Server\rewrite.php(47): require_once('C:\\laragon\\www\\lab3\\public\\index.php')
CRITICAL - 2023-10-07 07:04:43 --> Undefined variable $products
in APPPATH\Views\admin\index.php on line 263.
 1 APPPATH\Views\admin\index.php(263): CodeIgniter\Debug\Exceptions->errorHandler(2, 'Undefined variable $products', 'C:\\laragon\\www\\lab3\\app\\Views\\admin\\index.php', 263)
 2 SYSTEMPATH\View\View.php(226): include('C:\\laragon\\www\\lab3\\app\\Views\\admin\\index.php')
 3 SYSTEMPATH\View\View.php(229): CodeIgniter\View\View->CodeIgniter\View\{closure}()
 4 SYSTEMPATH\Common.php(1188): CodeIgniter\View\View->render('admin/index', [...], true)
 5 APPPATH\Controllers\MainController.php(63): view('admin/index', [...], [...])
 6 SYSTEMPATH\CodeIgniter.php(919): App\Controllers\MainController->store()
 7 SYSTEMPATH\CodeIgniter.php(494): CodeIgniter\CodeIgniter->runController(Object(App\Controllers\MainController))
 8 SYSTEMPATH\CodeIgniter.php(353): CodeIgniter\CodeIgniter->handleRequest(null, Object(Config\Cache), false)
 9 FCPATH\index.php(79): CodeIgniter\CodeIgniter->run()
10 SYSTEMPATH\Commands\Server\rewrite.php(47): require_once('C:\\laragon\\www\\lab3\\public\\index.php')
CRITICAL - 2023-10-07 07:07:01 --> Call to a member function isValid() on null
in APPPATH\Controllers\MainController.php on line 53.
 1 SYSTEMPATH\CodeIgniter.php(919): App\Controllers\MainController->store()
 2 SYSTEMPATH\CodeIgniter.php(494): CodeIgniter\CodeIgniter->runController(Object(App\Controllers\MainController))
 3 SYSTEMPATH\CodeIgniter.php(353): CodeIgniter\CodeIgniter->handleRequest(null, Object(Config\Cache), false)
 4 FCPATH\index.php(79): CodeIgniter\CodeIgniter->run()
 5 SYSTEMPATH\Commands\Server\rewrite.php(47): require_once('C:\\laragon\\www\\lab3\\public\\index.php')
CRITICAL - 2023-10-07 07:07:57 --> Call to a member function isValid() on null
in APPPATH\Controllers\MainController.php on line 53.
 1 SYSTEMPATH\CodeIgniter.php(919): App\Controllers\MainController->store()
 2 SYSTEMPATH\CodeIgniter.php(494): CodeIgniter\CodeIgniter->runController(Object(App\Controllers\MainController))
 3 SYSTEMPATH\CodeIgniter.php(353): CodeIgniter\CodeIgniter->handleRequest(null, Object(Config\Cache), false)
 4 FCPATH\index.php(79): CodeIgniter\CodeIgniter->run()
 5 SYSTEMPATH\Commands\Server\rewrite.php(47): require_once('C:\\laragon\\www\\lab3\\public\\index.php')
CRITICAL - 2023-10-07 07:26:33 --> Undefined variable $product
in APPPATH\Views\admin\index.php on line 258.
 1 APPPATH\Views\admin\index.php(258): CodeIgniter\Debug\Exceptions->errorHandler(2, 'Undefined variable $product', 'C:\\laragon\\www\\lab3\\app\\Views\\admin\\index.php', 258)
 2 SYSTEMPATH\View\View.php(226): include('C:\\laragon\\www\\lab3\\app\\Views\\admin\\index.php')
 3 SYSTEMPATH\View\View.php(229): CodeIgniter\View\View->CodeIgniter\View\{closure}()
 4 SYSTEMPATH\Common.php(1188): CodeIgniter\View\View->render('admin/index', [], true)
 5 APPPATH\Controllers\AdminController.php(19): view('admin/index', [...])
 6 SYSTEMPATH\CodeIgniter.php(919): App\Controllers\AdminController->admin()
 7 SYSTEMPATH\CodeIgniter.php(494): CodeIgniter\CodeIgniter->runController(Object(App\Controllers\AdminController))
 8 SYSTEMPATH\CodeIgniter.php(353): CodeIgniter\CodeIgniter->handleRequest(null, Object(Config\Cache), false)
 9 FCPATH\index.php(79): CodeIgniter\CodeIgniter->run()
10 SYSTEMPATH\Commands\Server\rewrite.php(47): require_once('C:\\laragon\\www\\lab3\\public\\index.php')
CRITICAL - 2023-10-07 07:27:03 --> Undefined variable $product
in APPPATH\Views\admin\index.php on line 258.
 1 APPPATH\Views\admin\index.php(258): CodeIgniter\Debug\Exceptions->errorHandler(2, 'Undefined variable $product', 'C:\\laragon\\www\\lab3\\app\\Views\\admin\\index.php', 258)
 2 SYSTEMPATH\View\View.php(226): include('C:\\laragon\\www\\lab3\\app\\Views\\admin\\index.php')
 3 SYSTEMPATH\View\View.php(229): CodeIgniter\View\View->CodeIgniter\View\{closure}()
 4 SYSTEMPATH\Common.php(1188): CodeIgniter\View\View->render('admin/index', [], true)
 5 APPPATH\Controllers\AdminController.php(19): view('admin/index', [...])
 6 SYSTEMPATH\CodeIgniter.php(919): App\Controllers\AdminController->admin()
 7 SYSTEMPATH\CodeIgniter.php(494): CodeIgniter\CodeIgniter->runController(Object(App\Controllers\AdminController))
 8 SYSTEMPATH\CodeIgniter.php(353): CodeIgniter\CodeIgniter->handleRequest(null, Object(Config\Cache), false)
 9 FCPATH\index.php(79): CodeIgniter\CodeIgniter->run()
10 SYSTEMPATH\Commands\Server\rewrite.php(47): require_once('C:\\laragon\\www\\lab3\\public\\index.php')
CRITICAL - 2023-10-07 07:27:04 --> Undefined variable $product
in APPPATH\Views\admin\index.php on line 258.
 1 APPPATH\Views\admin\index.php(258): CodeIgniter\Debug\Exceptions->errorHandler(2, 'Undefined variable $product', 'C:\\laragon\\www\\lab3\\app\\Views\\admin\\index.php', 258)
 2 SYSTEMPATH\View\View.php(226): include('C:\\laragon\\www\\lab3\\app\\Views\\admin\\index.php')
 3 SYSTEMPATH\View\View.php(229): CodeIgniter\View\View->CodeIgniter\View\{closure}()
 4 SYSTEMPATH\Common.php(1188): CodeIgniter\View\View->render('admin/index', [], true)
 5 APPPATH\Controllers\AdminController.php(19): view('admin/index', [...])
 6 SYSTEMPATH\CodeIgniter.php(919): App\Controllers\AdminController->admin()
 7 SYSTEMPATH\CodeIgniter.php(494): CodeIgniter\CodeIgniter->runController(Object(App\Controllers\AdminController))
 8 SYSTEMPATH\CodeIgniter.php(353): CodeIgniter\CodeIgniter->handleRequest(null, Object(Config\Cache), false)
 9 FCPATH\index.php(79): CodeIgniter\CodeIgniter->run()
10 SYSTEMPATH\Commands\Server\rewrite.php(47): require_once('C:\\laragon\\www\\lab3\\public\\index.php')
CRITICAL - 2023-10-07 07:30:46 --> Undefined variable $product
in APPPATH\Views\admin\index.php on line 258.
 1 APPPATH\Views\admin\index.php(258): CodeIgniter\Debug\Exceptions->errorHandler(2, 'Undefined variable $product', 'C:\\laragon\\www\\lab3\\app\\Views\\admin\\index.php', 258)
 2 SYSTEMPATH\View\View.php(226): include('C:\\laragon\\www\\lab3\\app\\Views\\admin\\index.php')
 3 SYSTEMPATH\View\View.php(229): CodeIgniter\View\View->CodeIgniter\View\{closure}()
 4 SYSTEMPATH\Common.php(1188): CodeIgniter\View\View->render('admin/index', [], true)
 5 APPPATH\Controllers\AdminController.php(21): view('admin/index', [...])
 6 SYSTEMPATH\CodeIgniter.php(919): App\Controllers\AdminController->admin()
 7 SYSTEMPATH\CodeIgniter.php(494): CodeIgniter\CodeIgniter->runController(Object(App\Controllers\AdminController))
 8 SYSTEMPATH\CodeIgniter.php(353): CodeIgniter\CodeIgniter->handleRequest(null, Object(Config\Cache), false)
 9 FCPATH\index.php(79): CodeIgniter\CodeIgniter->run()
10 SYSTEMPATH\Commands\Server\rewrite.php(47): require_once('C:\\laragon\\www\\lab3\\public\\index.php')
CRITICAL - 2023-10-07 07:31:00 --> Undefined variable $product
in APPPATH\Views\admin\index.php on line 258.
 1 APPPATH\Views\admin\index.php(258): CodeIgniter\Debug\Exceptions->errorHandler(2, 'Undefined variable $product', 'C:\\laragon\\www\\lab3\\app\\Views\\admin\\index.php', 258)
 2 SYSTEMPATH\View\View.php(226): include('C:\\laragon\\www\\lab3\\app\\Views\\admin\\index.php')
 3 SYSTEMPATH\View\View.php(229): CodeIgniter\View\View->CodeIgniter\View\{closure}()
 4 SYSTEMPATH\Common.php(1188): CodeIgniter\View\View->render('admin/index', [], true)
 5 APPPATH\Controllers\AdminController.php(21): view('admin/index', [...])
 6 SYSTEMPATH\CodeIgniter.php(919): App\Controllers\AdminController->admin()
 7 SYSTEMPATH\CodeIgniter.php(494): CodeIgniter\CodeIgniter->runController(Object(App\Controllers\AdminController))
 8 SYSTEMPATH\CodeIgniter.php(353): CodeIgniter\CodeIgniter->handleRequest(null, Object(Config\Cache), false)
 9 FCPATH\index.php(79): CodeIgniter\CodeIgniter->run()
10 SYSTEMPATH\Commands\Server\rewrite.php(47): require_once('C:\\laragon\\www\\lab3\\public\\index.php')
CRITICAL - 2023-10-07 07:31:00 --> Undefined variable $product
in APPPATH\Views\admin\index.php on line 258.
 1 APPPATH\Views\admin\index.php(258): CodeIgniter\Debug\Exceptions->errorHandler(2, 'Undefined variable $product', 'C:\\laragon\\www\\lab3\\app\\Views\\admin\\index.php', 258)
 2 SYSTEMPATH\View\View.php(226): include('C:\\laragon\\www\\lab3\\app\\Views\\admin\\index.php')
 3 SYSTEMPATH\View\View.php(229): CodeIgniter\View\View->CodeIgniter\View\{closure}()
 4 SYSTEMPATH\Common.php(1188): CodeIgniter\View\View->render('admin/index', [], true)
 5 APPPATH\Controllers\AdminController.php(21): view('admin/index', [...])
 6 SYSTEMPATH\CodeIgniter.php(919): App\Controllers\AdminController->admin()
 7 SYSTEMPATH\CodeIgniter.php(494): CodeIgniter\CodeIgniter->runController(Object(App\Controllers\AdminController))
 8 SYSTEMPATH\CodeIgniter.php(353): CodeIgniter\CodeIgniter->handleRequest(null, Object(Config\Cache), false)
 9 FCPATH\index.php(79): CodeIgniter\CodeIgniter->run()
10 SYSTEMPATH\Commands\Server\rewrite.php(47): require_once('C:\\laragon\\www\\lab3\\public\\index.php')
CRITICAL - 2023-10-07 07:31:01 --> Undefined variable $product
in APPPATH\Views\admin\index.php on line 258.
 1 APPPATH\Views\admin\index.php(258): CodeIgniter\Debug\Exceptions->errorHandler(2, 'Undefined variable $product', 'C:\\laragon\\www\\lab3\\app\\Views\\admin\\index.php', 258)
 2 SYSTEMPATH\View\View.php(226): include('C:\\laragon\\www\\lab3\\app\\Views\\admin\\index.php')
 3 SYSTEMPATH\View\View.php(229): CodeIgniter\View\View->CodeIgniter\View\{closure}()
 4 SYSTEMPATH\Common.php(1188): CodeIgniter\View\View->render('admin/index', [], true)
 5 APPPATH\Controllers\AdminController.php(21): view('admin/index', [...])
 6 SYSTEMPATH\CodeIgniter.php(919): App\Controllers\AdminController->admin()
 7 SYSTEMPATH\CodeIgniter.php(494): CodeIgniter\CodeIgniter->runController(Object(App\Controllers\AdminController))
 8 SYSTEMPATH\CodeIgniter.php(353): CodeIgniter\CodeIgniter->handleRequest(null, Object(Config\Cache), false)
 9 FCPATH\index.php(79): CodeIgniter\CodeIgniter->run()
10 SYSTEMPATH\Commands\Server\rewrite.php(47): require_once('C:\\laragon\\www\\lab3\\public\\index.php')
CRITICAL - 2023-10-07 10:02:29 --> Undefined variable $product
in APPPATH\Views\admin\index.php on line 258.
 1 APPPATH\Views\admin\index.php(258): CodeIgniter\Debug\Exceptions->errorHandler(2, 'Undefined variable $product', 'C:\\laragon\\www\\lab3\\app\\Views\\admin\\index.php', 258)
 2 SYSTEMPATH\View\View.php(226): include('C:\\laragon\\www\\lab3\\app\\Views\\admin\\index.php')
 3 SYSTEMPATH\View\View.php(229): CodeIgniter\View\View->CodeIgniter\View\{closure}()
 4 SYSTEMPATH\Common.php(1188): CodeIgniter\View\View->render('admin/index', [], true)
 5 APPPATH\Controllers\AdminController.php(21): view('admin/index', [...])
 6 SYSTEMPATH\CodeIgniter.php(919): App\Controllers\AdminController->admin()
 7 SYSTEMPATH\CodeIgniter.php(494): CodeIgniter\CodeIgniter->runController(Object(App\Controllers\AdminController))
 8 SYSTEMPATH\CodeIgniter.php(353): CodeIgniter\CodeIgniter->handleRequest(null, Object(Config\Cache), false)
 9 FCPATH\index.php(79): CodeIgniter\CodeIgniter->run()
10 SYSTEMPATH\Commands\Server\rewrite.php(47): require_once('C:\\laragon\\www\\lab3\\public\\index.php')
CRITICAL - 2023-10-07 10:10:26 --> Undefined variable $product
in APPPATH\Views\admin\index.php on line 262.
 1 APPPATH\Views\admin\index.php(262): CodeIgniter\Debug\Exceptions->errorHandler(2, 'Undefined variable $product', 'C:\\laragon\\www\\lab3\\app\\Views\\admin\\index.php', 262)
 2 SYSTEMPATH\View\View.php(226): include('C:\\laragon\\www\\lab3\\app\\Views\\admin\\index.php')
 3 SYSTEMPATH\View\View.php(229): CodeIgniter\View\View->CodeIgniter\View\{closure}()
 4 SYSTEMPATH\Common.php(1188): CodeIgniter\View\View->render('admin/index', [], true)
 5 APPPATH\Controllers\AdminController.php(21): view('admin/index', [...])
 6 SYSTEMPATH\CodeIgniter.php(919): App\Controllers\AdminController->admin()
 7 SYSTEMPATH\CodeIgniter.php(494): CodeIgniter\CodeIgniter->runController(Object(App\Controllers\AdminController))
 8 SYSTEMPATH\CodeIgniter.php(353): CodeIgniter\CodeIgniter->handleRequest(null, Object(Config\Cache), false)
 9 FCPATH\index.php(79): CodeIgniter\CodeIgniter->run()
10 SYSTEMPATH\Commands\Server\rewrite.php(47): require_once('C:\\laragon\\www\\lab3\\public\\index.php')
CRITICAL - 2023-10-07 10:11:13 --> Undefined variable $product
in APPPATH\Views\admin\index.php on line 266.
 1 APPPATH\Views\admin\index.php(266): CodeIgniter\Debug\Exceptions->errorHandler(2, 'Undefined variable $product', 'C:\\laragon\\www\\lab3\\app\\Views\\admin\\index.php', 266)
 2 SYSTEMPATH\View\View.php(226): include('C:\\laragon\\www\\lab3\\app\\Views\\admin\\index.php')
 3 SYSTEMPATH\View\View.php(229): CodeIgniter\View\View->CodeIgniter\View\{closure}()
 4 SYSTEMPATH\Common.php(1188): CodeIgniter\View\View->render('admin/index', [], true)
 5 APPPATH\Controllers\AdminController.php(21): view('admin/index', [...])
 6 SYSTEMPATH\CodeIgniter.php(919): App\Controllers\AdminController->admin()
 7 SYSTEMPATH\CodeIgniter.php(494): CodeIgniter\CodeIgniter->runController(Object(App\Controllers\AdminController))
 8 SYSTEMPATH\CodeIgniter.php(353): CodeIgniter\CodeIgniter->handleRequest(null, Object(Config\Cache), false)
 9 FCPATH\index.php(79): CodeIgniter\CodeIgniter->run()
10 SYSTEMPATH\Commands\Server\rewrite.php(47): require_once('C:\\laragon\\www\\lab3\\public\\index.php')
CRITICAL - 2023-10-07 10:12:30 --> Undefined variable $product
in APPPATH\Views\admin\index.php on line 266.
 1 APPPATH\Views\admin\index.php(266): CodeIgniter\Debug\Exceptions->errorHandler(2, 'Undefined variable $product', 'C:\\laragon\\www\\lab3\\app\\Views\\admin\\index.php', 266)
 2 SYSTEMPATH\View\View.php(226): include('C:\\laragon\\www\\lab3\\app\\Views\\admin\\index.php')
 3 SYSTEMPATH\View\View.php(229): CodeIgniter\View\View->CodeIgniter\View\{closure}()
 4 SYSTEMPATH\Common.php(1188): CodeIgniter\View\View->render('admin/index', [], true)
 5 APPPATH\Controllers\AdminController.php(21): view('admin/index', [...])
 6 SYSTEMPATH\CodeIgniter.php(919): App\Controllers\AdminController->admin()
 7 SYSTEMPATH\CodeIgniter.php(494): CodeIgniter\CodeIgniter->runController(Object(App\Controllers\AdminController))
 8 SYSTEMPATH\CodeIgniter.php(353): CodeIgniter\CodeIgniter->handleRequest(null, Object(Config\Cache), false)
 9 FCPATH\index.php(79): CodeIgniter\CodeIgniter->run()
10 SYSTEMPATH\Commands\Server\rewrite.php(47): require_once('C:\\laragon\\www\\lab3\\public\\index.php')
